2018.07.16 at 08:35:15 CST INFO  org.springframework.boot.StartupInfoLogger logStarting() @50 - Starting DemoLogApplication on HTF with PID 24712 (E:\workspace\spring-boot-demos\demo-log\target\classes started by HTF in E:\workspace\spring-boot-demos)
2018.07.16 at 08:35:15 CST DEBUG org.springframework.boot.StartupInfoLogger logStarting() @53 - Running with Spring Boot v2.0.3.RELEASE, Spring v5.0.7.RELEASE
2018.07.16 at 08:35:15 CST INFO  org.springframework.boot.SpringApplication logStartupProfileInfo() @659 - No active profile set, falling back to default profiles: default
2018.07.16 at 08:35:15 CST INFO  org.springframework.context.support.AbstractApplicationContext prepareRefresh() @590 - Refreshing org.springframework.boot.web.servlet.context.AnnotationConfigServletWebServerApplicationContext@70e9c95d: startup date [Mon Jul 16 08:35:15 CST 2018]; root of context hierarchy
2018.07.16 at 08:35:16 CST INFO  org.springframework.boot.web.embedded.tomcat.TomcatWebServer initialize() @91 - Tomcat initialized with port(s): 8080 (http)
2018.07.16 at 08:35:16 CST INFO  org.apache.juli.logging.DirectJDKLog log() @180 - Initializing ProtocolHandler ["http-nio-8080"]
2018.07.16 at 08:35:16 CST INFO  org.apache.juli.logging.DirectJDKLog log() @180 - Starting service [Tomcat]
2018.07.16 at 08:35:16 CST INFO  org.apache.juli.logging.DirectJDKLog log() @180 - Starting Servlet Engine: Apache Tomcat/8.5.31
2018.07.16 at 08:35:16 CST INFO  org.apache.juli.logging.DirectJDKLog log() @180 - The APR based Apache Tomcat Native library which allows optimal performance in production environments was not found on the java.library.path: [E:\Java\jdk1.8.0_172\bin;C:\Windows\Sun\Java\bin;C:\Windows\system32;C:\Windows;C:\Program Files (x86)\Common Files\Oracle\Java\javapath;C:\Windows\system32;C:\Windows;C:\Windows\System32\Wbem;C:\Windows\System32\WindowsPowerShell\v1.0\;E:\Java\jdk1.8.0_172\bin;E:\Java\jdk1.8.0_172\jre\bin;E:\apache-maven-3.5.3\bin;E:\mysql-8.0.11-winx64\bin;E:\Git\cmd;.]
2018.07.16 at 08:35:16 CST INFO  org.apache.juli.logging.DirectJDKLog log() @180 - Initializing Spring embedded WebApplicationContext
2018.07.16 at 08:35:16 CST INFO  org.springframework.boot.web.servlet.context.ServletWebServerApplicationContext prepareWebApplicationContext() @285 - Root WebApplicationContext: initialization completed in 1106 ms
2018.07.16 at 08:35:17 CST INFO  org.springframework.boot.web.servlet.ServletRegistrationBean addRegistration() @186 - Servlet dispatcherServlet mapped to [/]
2018.07.16 at 08:35:17 CST INFO  org.springframework.boot.web.servlet.AbstractFilterRegistrationBean configure() @245 - Mapping filter: 'characterEncodingFilter' to: [/*]
2018.07.16 at 08:35:17 CST INFO  org.springframework.boot.web.servlet.AbstractFilterRegistrationBean configure() @245 - Mapping filter: 'hiddenHttpMethodFilter' to: [/*]
2018.07.16 at 08:35:17 CST INFO  org.springframework.boot.web.servlet.AbstractFilterRegistrationBean configure() @245 - Mapping filter: 'httpPutFormContentFilter' to: [/*]
2018.07.16 at 08:35:17 CST INFO  org.springframework.boot.web.servlet.AbstractFilterRegistrationBean configure() @245 - Mapping filter: 'requestContextFilter' to: [/*]
2018.07.16 at 08:35:17 CST INFO  org.springframework.web.servlet.handler.AbstractUrlHandlerMapping registerHandler() @373 - Mapped URL path [/**/favicon.ico] onto handler of type [class org.springframework.web.servlet.resource.ResourceHttpRequestHandler]
2018.07.16 at 08:35:17 CST INFO  org.springframework.web.servlet.mvc.method.annotation.RequestMappingHandlerAdapter initControllerAdviceCache() @574 - Looking for @ControllerAdvice: org.springframework.boot.web.servlet.context.AnnotationConfigServletWebServerApplicationContext@70e9c95d: startup date [Mon Jul 16 08:35:15 CST 2018]; root of context hierarchy
2018.07.16 at 08:35:17 CST INFO  org.springframework.web.servlet.handler.AbstractHandlerMethodMapping$MappingRegistry register() @547 - Mapped "{[/log/demo]}" onto public java.lang.String com.fasure.demolog.controller.LogController.test()
2018.07.16 at 08:35:17 CST INFO  org.springframework.web.servlet.handler.AbstractHandlerMethodMapping$MappingRegistry register() @547 - Mapped "{[/error]}" onto public org.springframework.http.ResponseEntity<java.util.Map<java.lang.String, java.lang.Object>> org.springframework.boot.autoconfigure.web.servlet.error.BasicErrorController.error(javax.servlet.http.HttpServletRequest)
2018.07.16 at 08:35:17 CST INFO  org.springframework.web.servlet.handler.AbstractHandlerMethodMapping$MappingRegistry register() @547 - Mapped "{[/error],produces=[text/html]}" onto public org.springframework.web.servlet.ModelAndView org.springframework.boot.autoconfigure.web.servlet.error.BasicErrorController.errorHtml(javax.servlet.http.HttpServletRequest,javax.servlet.http.HttpServletResponse)
2018.07.16 at 08:35:17 CST INFO  org.springframework.web.servlet.handler.AbstractUrlHandlerMapping registerHandler() @373 - Mapped URL path [/webjars/**] onto handler of type [class org.springframework.web.servlet.resource.ResourceHttpRequestHandler]
2018.07.16 at 08:35:17 CST INFO  org.springframework.web.servlet.handler.AbstractUrlHandlerMapping registerHandler() @373 - Mapped URL path [/**] onto handler of type [class org.springframework.web.servlet.resource.ResourceHttpRequestHandler]
2018.07.16 at 08:35:17 CST INFO  org.springframework.jmx.export.MBeanExporter afterSingletonsInstantiated() @433 - Registering beans for JMX exposure on startup
2018.07.16 at 08:35:17 CST INFO  org.apache.juli.logging.DirectJDKLog log() @180 - Starting ProtocolHandler ["http-nio-8080"]
2018.07.16 at 08:35:17 CST INFO  org.apache.juli.logging.DirectJDKLog log() @180 - Using a shared selector for servlet write/read
2018.07.16 at 08:35:17 CST INFO  org.springframework.boot.web.embedded.tomcat.TomcatWebServer start() @206 - Tomcat started on port(s): 8080 (http) with context path ''
2018.07.16 at 08:35:17 CST INFO  org.springframework.boot.StartupInfoLogger logStarted() @59 - Started DemoLogApplication in 2.352 seconds (JVM running for 5.295)
2018.07.16 at 08:35:26 CST INFO  org.apache.juli.logging.DirectJDKLog log() @180 - Initializing Spring FrameworkServlet 'dispatcherServlet'
2018.07.16 at 08:35:26 CST INFO  org.springframework.web.servlet.FrameworkServlet initServletBean() @494 - FrameworkServlet 'dispatcherServlet': initialization started
2018.07.16 at 08:35:26 CST INFO  org.springframework.web.servlet.FrameworkServlet initServletBean() @509 - FrameworkServlet 'dispatcherServlet': initialization completed in 16 ms
2018.07.16 at 08:35:26 CST DEBUG com.fasure.demolog.controller.LogController test() @17 - debug log
2018.07.16 at 08:35:26 CST INFO  com.fasure.demolog.controller.LogController test() @19 - info log
2018.07.16 at 08:35:26 CST WARN  com.fasure.demolog.controller.LogController test() @21 - warn log
2018.07.16 at 08:35:26 CST ERROR com.fasure.demolog.controller.LogController test() @23 - error log
